<?xml version="1.0" encoding="UTF-8"?>
<testsuite xmlns:xsi="http://www.w3.org/2001/XMLSchema-instance" xsi:noNamespaceSchemaLocation="https://maven.apache.org/surefire/maven-surefire-plugin/xsd/surefire-test-report.xsd" name="com.z.designpatterns.factorymethod.AFactoryTest" time="0.016" tests="3" errors="0" skipped="0" failures="0">
  <properties>
[...]
</properties>
  <testcase name="b_test" classname="com.z.designpatterns.factorymethod.AFactoryTest" time="0.004"/>
  <testcase name="c_test" classname="com.z.designpatterns.factorymethod.AFactoryTest" time="0"/>
  <testcase name="d_test" classname="com.z.designpatterns.factorymethod.AFactoryTest" time="0"/>
</testsuite>